<?xml version="1.0" encoding="UTF-8"?>
<!-- Generated by org.testng.reporters.JUnitXMLReporter -->
<testsuite hostname="Jawahar-PC" ignored="0" name="BankingAppTest" tests="2" failures="1" timestamp="22 Dec 2020 13:03:19 GMT" time="42.546" errors="0">
  <testcase name="LoginTest" time="4.131" classname="testClasses.TC_LoginTest_001">
    <failure type="java.lang.AssertionError">
      <![CDATA[java.lang.AssertionError
	at org.junit.Assert.fail(Assert.java:86)
	at org.junit.Assert.assertTrue(Assert.java:41)
	at org.junit.Assert.assertTrue(Assert.java:52)
	at testClasses.TC_LoginTest_001.LoginTest(TC_LoginTest_001.java:33)
... Removed 29 stack frames]]>
    </failure>
  </testcase> <!-- LoginTest -->
  <testcase name="addNewCustomer" time="21.151" classname="testClasses.TC_AddCustomerTest_003"/>
</testsuite> <!-- BankingAppTest -->
